# JRE version: OpenJDK Runtime Environment (8.0_91-b14) (build 1.8.0_91-8u91-b14-3ubuntu1~16.04.1-b14)
# Java VM: OpenJDK 64-Bit Server VM (25.91-b14 mixed mode linux-amd64 compressed oops)
Heap:
 PSYoungGen      total 199168K, used 15448K [0x00000000e0000000, 0x00000000ed500000, 0x0000000100000000)
  eden space 181248K, 0% used [0x00000000e0000000,0x00000000e0000000,0x00000000eb100000)
  from space 17920K, 86% used [0x00000000eb100000,0x00000000ec016098,0x00000000ec280000)
  to   space 12288K, 0% used [0x00000000ec280000,0x00000000ec280000,0x00000000ece80000)
 ParOldGen       total 39936K, used 39291K [0x00000000a0000000, 0x00000000a2700000, 0x00000000e0000000)
  object space 39936K, 98% used [0x00000000a0000000,0x00000000a265ecd0,0x00000000a2700000)
 Metaspace       used 57231K, capacity 59147K, committed 59160K, reserved 1099776K
  class space    used 7740K, capacity 8203K, committed 8216K, reserved 1048576K
GC Heap History (10 events):
Event: 13,338 GC heap after
Heap after GC invocations=10 (full 1):
 PSYoungGen      total 143360K, used 7846K [0x00000000e0000000, 0x00000000e9d80000, 0x0000000100000000)
  eden space 134144K, 0% used [0x00000000e0000000,0x00000000e0000000,0x00000000e8300000)
  from space 9216K, 85% used [0x00000000e8300000,0x00000000e8aa9968,0x00000000e8c00000)
  to   space 10240K, 0% used [0x00000000e9380000,0x00000000e9380000,0x00000000e9d80000)
 ParOldGen       total 30208K, used 13938K [0x00000000a0000000, 0x00000000a1d80000, 0x00000000e0000000)
  object space 30208K, 46% used [0x00000000a0000000,0x00000000a0d9ca90,0x00000000a1d80000)
 Metaspace       used 30621K, capacity 31254K, committed 31488K, reserved 1077248K
  class space    used 4113K, capacity 4306K, committed 4352K, reserved 1048576K
}
Event: 14,507 GC heap before
{Heap before GC invocations=11 (full 1):
 PSYoungGen      total 143360K, used 47253K [0x00000000e0000000, 0x00000000e9d80000, 0x0000000100000000)
  eden space 134144K, 29% used [0x00000000e0000000,0x00000000e267baa0,0x00000000e8300000)
  from space 9216K, 85% used [0x00000000e8300000,0x00000000e8aa9968,0x00000000e8c00000)
  to   space 10240K, 0% used [0x00000000e9380000,0x00000000e9380000,0x00000000e9d80000)
 ParOldGen       total 30208K, used 13938K [0x00000000a0000000, 0x00000000a1d80000, 0x00000000e0000000)
  object space 30208K, 46% used [0x00000000a0000000,0x00000000a0d9ca90,0x00000000a1d80000)
 Metaspace       used 34647K, capacity 35418K, committed 35496K, reserved 1079296K
  class space    used 4631K, capacity 4846K, committed 4864K, reserved 1048576K
Event: 14,601 GC heap after
Heap after GC invocations=11 (full 1):
 PSYoungGen      total 151552K, used 5442K [0x00000000e0000000, 0x00000000ec700000, 0x0000000100000000)
  eden space 141312K, 0% used [0x00000000e0000000,0x00000000e0000000,0x00000000e8a00000)
  from space 10240K, 53% used [0x00000000e9380000,0x00000000e98d0898,0x00000000e9d80000)
  to   space 9728K, 0% used [0x00000000e8a00000,0x00000000e8a00000,0x00000000e9380000)
 ParOldGen       total 30208K, used 17443K [0x00000000a0000000, 0x00000000a1d80000, 0x00000000e0000000)
  object space 30208K, 57% used [0x00000000a0000000,0x00000000a1108ff0,0x00000000a1d80000)
 Metaspace       used 34647K, capacity 35418K, committed 35496K, reserved 1079296K
  class space    used 4631K, capacity 4846K, committed 4864K, reserved 1048576K
}
Event: 14,601 GC heap before
{Heap before GC invocations=12 (full 2):
 PSYoungGen      total 151552K, used 5442K [0x00000000e0000000, 0x00000000ec700000, 0x0000000100000000)
  eden space 141312K, 0% used [0x00000000e0000000,0x00000000e0000000,0x00000000e8a00000)
  from space 10240K, 53% used [0x00000000e9380000,0x00000000e98d0898,0x00000000e9d80000)
  to   space 9728K, 0% used [0x00000000e8a00000,0x00000000e8a00000,0x00000000e9380000)
 ParOldGen       total 30208K, used 17443K [0x00000000a0000000, 0x00000000a1d80000, 0x00000000e0000000)
  object space 30208K, 57% used [0x00000000a0000000,0x00000000a1108ff0,0x00000000a1d80000)
 Metaspace       used 34647K, capacity 35418K, committed 35496K, reserved 1079296K
  class space    used 4631K, capacity 4846K, committed 4864K, reserved 1048576K
Event: 14,846 GC heap after
Heap after GC invocations=12 (full 2):
 PSYoungGen      total 151552K, used 0K [0x00000000e0000000, 0x00000000ec700000, 0x0000000100000000)
  eden space 141312K, 0% used [0x00000000e0000000,0x00000000e0000000,0x00000000e8a00000)
  from space 10240K, 0% used [0x00000000e9380000,0x00000000e9380000,0x00000000e9d80000)
  to   space 9728K, 0% used [0x00000000e8a00000,0x00000000e8a00000,0x00000000e9380000)
 ParOldGen       total 39936K, used 16210K [0x00000000a0000000, 0x00000000a2700000, 0x00000000e0000000)
  object space 39936K, 40% used [0x00000000a0000000,0x00000000a0fd4948,0x00000000a2700000)
 Metaspace       used 34590K, capacity 35294K, committed 35496K, reserved 1079296K
  class space    used 4613K, capacity 4826K, committed 4864K, reserved 1048576K
}
Event: 19,691 GC heap before
{Heap before GC invocations=13 (full 2):
 PSYoungGen      total 151552K, used 141312K [0x00000000e0000000, 0x00000000ec700000, 0x0000000100000000)
  eden space 141312K, 100% used [0x00000000e0000000,0x00000000e8a00000,0x00000000e8a00000)
  from space 10240K, 0% used [0x00000000e9380000,0x00000000e9380000,0x00000000e9d80000)
  to   space 9728K, 0% used [0x00000000e8a00000,0x00000000e8a00000,0x00000000e9380000)
 ParOldGen       total 39936K, used 16210K [0x00000000a0000000, 0x00000000a2700000, 0x00000000e0000000)
  object space 39936K, 40% used [0x00000000a0000000,0x00000000a0fd4948,0x00000000a2700000)
 Metaspace       used 44867K, capacity 45832K, committed 46208K, reserved 1089536K
  class space    used 5949K, capacity 6176K, committed 6272K, reserved 1048576K
Event: 19,740 GC heap after
Heap after GC invocations=13 (full 2):
 PSYoungGen      total 151040K, used 9696K [0x00000000e0000000, 0x00000000ece80000, 0x0000000100000000)
  eden space 141312K, 0% used [0x00000000e0000000,0x00000000e0000000,0x00000000e8a00000)
  from space 9728K, 99% used [0x00000000e8a00000,0x00000000e93782d8,0x00000000e9380000)
  to   space 12288K, 0% used [0x00000000ec280000,0x00000000ec280000,0x00000000ece80000)
 ParOldGen       total 39936K, used 19389K [0x00000000a0000000, 0x00000000a2700000, 0x00000000e0000000)
  object space 39936K, 48% used [0x00000000a0000000,0x00000000a12ef670,0x00000000a2700000)
 Metaspace       used 44867K, capacity 45832K, committed 46208K, reserved 1089536K
  class space    used 5949K, capacity 6176K, committed 6272K, reserved 1048576K
}
Event: 33,437 GC heap before
{Heap before GC invocations=14 (full 2):
 PSYoungGen      total 151040K, used 151008K [0x00000000e0000000, 0x00000000ece80000, 0x0000000100000000)
  eden space 141312K, 100% used [0x00000000e0000000,0x00000000e8a00000,0x00000000e8a00000)
  from space 9728K, 99% used [0x00000000e8a00000,0x00000000e93782d8,0x00000000e9380000)
  to   space 12288K, 0% used [0x00000000ec280000,0x00000000ec280000,0x00000000ece80000)
 ParOldGen       total 39936K, used 19389K [0x00000000a0000000, 0x00000000a2700000, 0x00000000e0000000)
  object space 39936K, 48% used [0x00000000a0000000,0x00000000a12ef670,0x00000000a2700000)
 Metaspace       used 53498K, capacity 54892K, committed 55040K, reserved 1097728K
  class space    used 7090K, capacity 7412K, committed 7424K, reserved 1048576K
Event: 33,559 GC heap after
Heap after GC invocations=14 (full 2):
 PSYoungGen      total 193536K, used 12282K [0x00000000e0000000, 0x00000000ed500000, 0x0000000100000000)
  eden space 181248K, 0% used [0x00000000e0000000,0x00000000e0000000,0x00000000eb100000)
  from space 12288K, 99% used [0x00000000ec280000,0x00000000ece7e8f8,0x00000000ece80000)
  to   space 17920K, 0% used [0x00000000eb100000,0x00000000eb100000,0x00000000ec280000)
 ParOldGen       total 39936K, used 29668K [0x00000000a0000000, 0x00000000a2700000, 0x00000000e0000000)
  object space 39936K, 74% used [0x00000000a0000000,0x00000000a1cf9270,0x00000000a2700000)
 Metaspace       used 53498K, capacity 54892K, committed 55040K, reserved 1097728K
  class space    used 7090K, capacity 7412K, committed 7424K, reserved 1048576K
}
Event: 39,602 GC heap before
{Heap before GC invocations=15 (full 2):
 PSYoungGen      total 193536K, used 142732K [0x00000000e0000000, 0x00000000ed500000, 0x0000000100000000)
  eden space 181248K, 71% used [0x00000000e0000000,0x00000000e7f649b0,0x00000000eb100000)
  from space 12288K, 99% used [0x00000000ec280000,0x00000000ece7e8f8,0x00000000ece80000)
  to   space 17920K, 0% used [0x00000000eb100000,0x00000000eb100000,0x00000000ec280000)
 ParOldGen       total 39936K, used 29668K [0x00000000a0000000, 0x00000000a2700000, 0x00000000e0000000)
  object space 39936K, 74% used [0x00000000a0000000,0x00000000a1cf9270,0x00000000a2700000)
 Metaspace       used 57231K, capacity 59147K, committed 59160K, reserved 1099776K
  class space    used 7740K, capacity 8203K, committed 8216K, reserved 1048576K

